<?xml version="1.0" encoding="UTF-8"?>
<!-- Generated by org.testng.reporters.JUnitReportReporter -->
<testsuite hostname="DESKTOP-DHLLMMD" failures="0" tests="2" name="com.app.Hubspot.TestCases.LoginTest" time="7.139" errors="0" timestamp="10 Oct 2019 17:23:30 GMT" skipped="0">
  <testcase classname="com.app.Hubspot.TestCases.LoginTest" name="ValidateBrowserTitleTest" time="0.053"/>
  <testcase classname="com.app.Hubspot.TestCases.LoginTest" name="VerifyLoginTest" time="7.086"/>
</testsuite> <!-- com.app.Hubspot.TestCases.LoginTest -->
