<?xml version="1.0" encoding="UTF-8"?>
<!-- Generated by org.testng.reporters.JUnitReportReporter -->
<testsuite hostname="DESKTOP-DHLLMMD" failures="0" tests="3" name="com.app.Hubspot.TestCases.ContactTest" time="88.419" errors="0" timestamp="09 Oct 2019 19:42:32 GMT" skipped="0">
  <testcase classname="com.app.Hubspot.TestCases.ContactTest" name="CreateContact" time="30.190"/>
  <testcase classname="com.app.Hubspot.TestCases.ContactTest" name="CreateContact" time="28.553"/>
  <testcase classname="com.app.Hubspot.TestCases.ContactTest" name="CreateContact" time="29.676"/>
</testsuite> <!-- com.app.Hubspot.TestCases.ContactTest -->
