<?xml version="1.0" encoding="UTF-8"?>
<!-- Generated by org.testng.reporters.JUnitReportReporter -->
<testsuite hostname="DESKTOP-DHLLMMD" failures="0" tests="2" name="com.app.Hubspot.TestCases.HomeTest" time="3.211" errors="0" timestamp="10 Oct 2019 17:51:10 GMT" skipped="0">
  <testcase classname="com.app.Hubspot.TestCases.HomeTest" name="VerifyTitleAfterLoginTest" time="0.032"/>
  <testcase classname="com.app.Hubspot.TestCases.HomeTest" name="MoveCreateContact" time="3.179"/>
</testsuite> <!-- com.app.Hubspot.TestCases.HomeTest -->
